이건우 새턴시스템 134
이규호 운미 103

강현모 태랙터 75
차민영 토르게이트 69
이규호 새턴시스템 67
김정호 팩토럼 67

표대현 태랙터 81
이규호 마이닝길드 78
이건우 운미 59
김보경 포볼로그 55

이규호 크래디코어 99
이건우 로빈슨 89
김보경 밸리 85

강현모 토르게이트 113
이규호 포볼로그 94
허현 빅토르 82

이규호 시네마틱스 93
이건우 토르게이트 92

김정화 쳉싱 87
이규호 모닝스타 78
이규원 인벤트릭스 78
허현 포인트루나 71

최희원 메뉴테크 96
이규호 셀레스틱 91
강현모 모닝스타 79
황덕근 바이론 70

김수인 새턴시스템 86
이규호 운미 84

이규호 포인트루나 87
최희원 태랙터 73
황덕근 마이닝길드 68

강현모 유토피아 91
김정호 셉템 88
이규호 마이닝길드 73
이건우 포인트루나 61

이규호 토르게이트 99
최희원 태랙터 79
황덕근 크래디코어 77
강현모 인벤트릭스 73

이규호 밸리 78
이건우 포인트루나 74
황덕근 로빈슨 71
최희원 쳉싱 60

김정호 포볼로그 90
강현모 타르시스 87
이규호 인벤트릭스 74

최희원 에코라인 72
이규호 포볼로그 69
황덕근 팩토럼 60
김수인 빅토르 55

이규호 새턴시스템 74
최희원 시네마틱스 71
김보경 운미 58
황덕근 태랙터 55

김보경 밸리 60
이규호 팩토럼 60
강현모 새턴시스템 55
서보성 로빈슨 50

황덕근 포볼로그 94
이규호 태랙터 87
김보경 운미 72

황덕근 유토피아 59
최희원 레이크프론트 67
이규호 인벤트릭스 56
김보경 시네마틱스 55

허현 새턴시스템 75
최희원 타르시스 74
이건우 인벤트릭스 72
황덕근 팩토럼 60

이규호 밸리 84
황덕근 포인트루나 81
최희원 포볼로그 75
강현모 타르시스 70

황덕근 포인트루나 94
최희원 밸리 90
이규호 팩토럼 87

김정호 몬스 78
이규호 테라랩스 70
최희원 프리스타 63
황덕근 태랙터 49

강현모 시네마틱스 90
최희원 인벤트릭스 68
이규호 포볼로그 67
황덕근 태랙터 62

표대현 포볼로그 71
강현모 운미 70
이규호 바이론 59
이규원 인벤트릭스 58

최희원 시네마틱스 102
황덕근 쳉싱 79
김보경 밸리 76

김수인 타르시스 79
이규호 크레디코어 75
최희원 태랙터 72
황덕근 포인트루나 47

이규호 에코라인 109
황덕근 쳉싱 105
김보경 빅토르 92

이건우 태랙터 86
이규호 로빈슨 71

최희원 메뉴테크 108
허현 에코라인 102
황덕근 타르시스 97
이규호 마이닝길드 87

표대현 밸리 87
정형욱 포인트루나 70
이규호 몬스 62
황덕근 인벤트릭스 62

김정호 셉템 99
표대현 시네마틱스 86
이규호 유토피아 76

강현모 프리스타 72
최희원 포인트루나 69
황덕근 스플라이스 61
김정호 새턴시스템 61

최희원 포인트루나 82
김정호 쳉싱 74
이규호 타르시스 66
황덕근 인벤트릭스 61

이규호 유토피아 82
김정호 타르시스 68
황덕근 크레디코어 62

이규호 아카디아 79
최희원 밸리 67
김정호 쳉싱 60
황덕근 빅토르 43

최희원 빅토르 88
이규호 태랙터 75
허현 운미 70
강현모 인벤트릭스 66

강현모 새턴시스템 81
한유진 시네마틱스 67
최희원 인벤트릭스 64
이규호 포볼로그 53

최희원 아카디아 97
한유진 태랙터 79
이규호 포볼로그 72
유현우 셉템 69

이규호 유토피아 94
김정호 포인트루나 86
허현 시네마틱스 76

표대현 몬스 68
이규호 포볼로그 64
김정호 셉템 63
서보성 프리스타 48

김정호 에코라인 93
강현모 태랙터 69
이규호 팩토럼 67

장호준 에코라인 95
이규호 리사이클론 86
유현우 쳉싱 86

강현모 태랙터 139
이규호 메뉴테크 115

이건우 타르시스 110
이규원 시네마틱스 90
이규호 헬리온 78

김정호 크레디코어 159
강현모 포인트루나 131
이규호 태랙터 109