최희원 아스트로드릴 82
황덕근 포인트루나 79
강민혁 아카디아 54
서보성 인벤트릭스 43

황덕근 새턴시스템 115
이규호 유토피아 111
김보경 빅토르 87
서보성 메뉴테크 60

서보성 메뉴테크 103
이규호 마이닝길드 94
강민혁 시네마틱스 77
한민구 파머시유니온 71

최희원 밸리트러스트 127
황덕근 아스트로드릴 81
한유진 크레디코르 60

최희원 몬스 103
황덕근 셉템 101
강현모 인벤트릭스 66
서보성 아카디아 55

황덕근 크레디코르 115
김현채 테렉터 102
서보성 파머시유니온 80
염규진 에코라인 77

이건우 몬스 197
서보성 아프로디테 137

이건우 모닝스타 174
황덕근 메뉴테크 168

서보성 테라랩스 112
한민구 타르시스 97
최지훈 헬리온 43

강현모 포세이돈 175
서보성 테렉터 135
강민혁 크레디코르 101

이건우 밸리트러스트 152
김보경 포세이돈 115
황덕근 폴리페모스 98
임건우 아리도르 81

황덕근 새턴시스템 103
서보성 몬스 96
강민혁 MSI 72
김현채 아프로디테 59

한민구 타르시스 117
서보성 테랙터 98
강현모 마이닝길드 97

강현모 크레디코르 200
황덕근 아크라이트 157
서보성 스플라이스 144

허현 MSI 135
서보성 메뉴테크 133
이건우 크레디코르 129

이건우 포볼로그 132
서보성 새턴시스템 121

서보성 새턴시스템 199
이건우 포세이돈 133

최희원 인벤트릭스 144
황덕근 밸리트러스트 120
