서보성 스플라이스 56
강현모 에코라인 56
황신영 초보자용기업 53
한민구 몬스보험회사 48
황덕근 타르시스 42

황덕근 테랙터 130
김민서 새턴시스템 107

황덕근 파머시유니온 77
윤우찬 인벤트릭스 68
성우현 헬리온 65
황신영 초보자용기업 59
구시원 UNMI 56

서보성 셉템트리부스 107
윤우찬 유토피아 72
한민구 레이크프론트리조트 60

김수인 마이닝길드 73
민경원 포볼로그 71
이도윤 아카디아공동체 67 
성우현 에코라인 54
윤우찬 토르게이트 46

서보성 MSI 114
황신영 유토피아 85
구시원 포볼로그 75
윤우찬 매뉴테크 55

황덕근 로빈슨인더스트리 127
김보경 빅토르 106
윤우찬 새턴시스템 85

구시원 에코라인 100
최윤 크레디코르 72
윤우찬 인벤트릭스 71
송준호 헬리온 53

한민구 테렉터 65
최지훈 챙싱마스 60
황덕근 포볼로그 59
구시원 펙토럼 52
윤우찬 크레디코르 42

이도윤 필레어스 96
구시원 포볼로그 77
성우현 테랙터 59
윤우찬 아카디아공동체 58
이찬형 크레디코르 52

황신영 아카디아공동체 82
황덕근 로빈슨인더스트리 80
이규호 셀레스틱 77
윤우찬 에코라인 76
이찬형 인벤트릭스 64

이찬형 시네마틱스 108
표대현 인벤트릭스 94
윤우찬 테랙터 79

한민구 새턴시스템 86
최지훈 에코라인 84

서보성 밸리트러스트 97
황덕근 아프로디테 93
구시원 빅토르 76
최지훈 에코라인 76

강현모 유토피아 119
황덕근 포세이돈 85
황신영 인벤트릭스 68

강현모 새턴시스템 109
이찬형 크레디코르 90
황신영 에코라인 74

민경원 크레딧코어 63
이찬형 마이닝길드 58
구시원 새턴시스템 56
한민구 시네마틱스 48
이도윤 토르게이트 41

이찬형 타르시스공동체 133
이도윤 마이닝길드 104

이도윤 UNMI 103
이찬형 시네마틱스 93

이도윤 크레디코르 119
이찬형 포볼로그 95

강현모 새턴시스템 86
이찬형 타르시스공화국 68
한민구 시네마틱스 55

이도윤 첸싱마스 139
이찬형 포블로그 104

민경원 토르게이트 56
구시원 타르시스공화국 55
황신영 크레디코르 54
이찬형 새턴시스템 43
이도윤 테렉터 43

이찬형 헬리온 97
이도윤 토르게이트 81

강현모 마이닝길드 74
이찬형 새턴시스템 68
황신영 포볼로그 59
이도윤 타르시스공화국 58

한민구 첸싱마스 66
황덕근 새턴시스템 62
이도윤 크레디코르 59
이찬형 헬리온 49
황신영 빅토르 46

민경원 크레디코르 124
이찬형 새턴시스템 88
황신영 포볼로그 75

이도윤 포볼로그 99
이찬형 타르시스공화국 93

이도윤 셀레스틱 164
이찬형 인벤트릭스 113

이찬형 크레디코르 160
윤우찬 포세이돈 133

황덕근 아리도르 119
구시원 타르시스 75
윤우찬 아스트로드릴 75
황신영 리사이클론 75

이도윤 타르시스공화국 121
이찬형 마이닝길드 115

이찬형 크레디코르 92
한민구 아프로디테 91
이도윤 MSI 89