이찬형 포볼로그 119
이규호 크레디코르.필레어스 103
한민구 비토르 81

이찬형 새턴시스템 96
이도윤 밸리트러스트.아크라이트 95
구민주 프리스타 77
이규호 아리도르 69
김유준 시네마틱스 56

이도윤 새턴시스템 93
이찬형 레이크프론트 74
하태원 인벤트릭스 63
윤우찬 밸리트러스트 49

구민주 유토피아 144
윤우찬 스플라이스 129
김유준 리사이클론 120

윤우찬 포볼로그 120
하태원 리사이클론 98
김영훈 크레디코르 97

이찬형 헬리온 81
하태원 팩토럼 74
우상직 에코라인 68
윤우찬 밸리트러스트 66

윤우찬 비토르.레이크프론트 134
하태원 테라랩스 121

이찬형 폴리페모스 120
하태원 몬스손해보험 84

하태원 포인트루나 107
이찬형 헬리온 101
이도윤 테렉터 86

강현모 새턴시스템 124
이규호 프리스타 112
이찬형 비토르 100
한민구 테렉터 78
황덕근 밸리트러스트.크레디코르.아크라이트 69

이도윤 테렉터 134
이찬형 셀레스틱 105
하태원 크레디코르 99

이도윤 아크라이트 101
윤우찬 포인트루나 98
하태원 밸리트러스트 71
우상직 유토피아 50

강현모 토르게이트 105
김유준 인벤트릭스 86
이찬형 테렉터 82

강현모 쳉싱마스 99
김유준 새턴시스템 92
이찬형 시네마틱스 88

하태원 포인트루나 180
윤우찬 에코라인 105

이찬형 유토피아 101
윤우찬 스플라이스 84
하태원 에코라인 64

하태원 새턴시스펨 126
이찬형 밸리트러스트 109
이도윤 MSI 99

이찬형 에코라인 83
이규호 MSI 76
이도윤 새턴시스템 72
하태원 포볼로그 61

강현모 포인트루나 116
최지훈 비토르 95
한민구 크레디코르 92

윤우찬 새턴시스템 160
하태원 밸리트러스트 142

이도윤 포인트루나 123
유현우 테라랩스 113
하태원 아크라이트 97

민경원 UNMI 72
이찬형 시네마틱스 57
이도윤 매뉴테크 56
이규호 포인트루나 53
한민구 쳉싱마스 48

윤우찬 크레디코르 107
하태원 유토피아 88
우상직 비토르 56

하태원 토르게이트 181
윤우찬 아카디아공동체 176

이찬형 파머시유니온 134
하태원 레이크프론트리조트 105

이도윤 아크라이트.포세이돈 140
이찬형 폴리페모스 74
하태원 아스트로드릴 74
윤우찬 아리도르 71

하태원 유토피아.비토르.셉템트리부스 156
윤우찬 토르게이트 107

이도윤 프리스타 164
이찬형 파머시유니온 100
하태원 새턴시스템 82
윤우찬 밸리트러스트 56

하태원 매뉴테크 235
윤우찬 테렉터 179

이도윤 토르게이트 121
하태원 레이크프론트 110

한민구 아카디아공동체 113
이도윤 포인트루나.MSI 106
윤우찬 비토르 96
이규호 레이크프론트 88

이찬형 비토르.파머시유니온 77
강현모 새턴시스템 74
윤우찬 마이닝길드 64
이규호 테라랩스 52
하태원 유토피아 37

이찬형 파머시유니온 147
하태원 포인트루나.크레디코르 143

구민주 밸리트러스트 112
이규호 비토르 96
이찬형 타르시스공화국 94
이도윤 포인트루나 90

하태원 MSI 260
윤우찬 아크라이트 217

하태원 새턴시스템 163
윤우찬 아카디아공동체 132
이승현 리사이클론 107

윤우찬 새턴시스템 120
하태원 아카디아공동체 107
우상직 크레디코르 88

김유준 매뉴테크 69
이규호 쳉싱마스 66
이도윤 비토르 60
이찬형 밸리트러스트 57
구민주 포인트루나 56

이규호 포볼로그 98
구민주 로빈슨인터스트리 70
이도윤 포인트루나 68
이찬형 토르게이트 64
김유준 새턴시스템 61

이찬형 밸리트러스트 112
윤우찬 새턴시스템 92
이승현 헬리온.프리스타 81
하태원 타르시스공화국 68

이도윤 비토르 169
이찬형 유토피아 129
하태원 크레디코르 108

강현모 UNMI 96
이찬형 에코라인 90
하태원 토르게이트 65

하태원 로빈슨인더스트리 170
이승현 크레디코르 132

이도윤 유토피아.프리스타 117
이찬형 몬스손해보험 113
윤우찬 크레디코르 92

이도윤 아스트로드릴 122
이찬형 스플라이스 103
하태원 새턴시스템 91
윤우찬 밸리트러스트 50

이도윤 아카디아공동체 111
이찬형 인벤트릭스 90
하태원 아스트로드릴 69
윤우찬 포볼로그 64

강민준 포인트루나 70
이승현 크레디코르 65
하태원 새턴시스템 63
우상직 타르시스공화국 61
윤우찬 필레어스.로빈슨인더스트리 56

하태원 포인트루나 136
이승현 몬스손해보험 119
윤우찬 토르게이트 117

이찬형 새턴시스템 132
이도윤 테렉터 110
하태원 밸리트러스트.비토르 96

윤우찬 필레어스 199
하태원 새턴시스템 156

이찬형 타르시스공화국 86
이승현 비토르 79
민경원 시네마틱스 77
이규호 밸리트러스트 68

황덕근 쳉싱마스 167
윤우찬 테랙터 101

하태원 아프로디테.비토르 221
윤우찬 테랙터 220

이규호 테랙터 144
서보성 필레어스 112
윤우찬 레이크프론트리조트 88

이승현 쳉싱마스 143
이찬형 매뉴테크 131

이찬형 에코라인 117
하태원 포인트루나 113
윤우찬 크레디코르 76

이승현 프리스타 194
이찬형 파머시유니온 168
하태원 매뉴테크 152

강현모 시네마틱스 77
이규호 크레디코르 67
민경원 포볼로그 63
이도윤 토르게이트 63
이찬형 테렉터 56

강현모 MSI 98
이찬형 토르게이트 76
한민구 비토르 61
이규호 포볼로그 60

하태원 포인트루나 136
이승현 프리스타 134
윤우찬 테랙터.비토르 120

이승현 타르시스공화국 143
하태원 테랙터 142
윤우찬 아카디아공동체 100

이찬형 포세이돈 87
이도윤 인벤트릭스 76
이승현 프리스타.아카디아공동체 67
하태원 비토르 62
윤우찬 셉템트리부스 61

서보성 테라랩스 162
강현모 몬스손해보험 134
한민구 레이크프론트리조트 105

이승현 비토르 204
이찬형 인벤트릭스 173

윤우찬 토르게이트.새턴시스템.아카디아공동체 117
이찬형 타르시스공화국 112

이승현 비토르 135
이찬형 매뉴테크 124
민경원 크레디코르 101

이찬형 비토르 115
민경원 바이론 108
이승현 크레디코르 76

이승현 포세이돈 133
이찬형 파머시유니온 117
김정화 쳉싱마스 104
강현모 유토피아 81

이찬형 매뉴테크 118
이승현 MSI 112
이규호 셀레스틱 101
