이도윤 에코테크 196
하태원 레이크프론트리조트.MSI 144

이규호 유토피아 92
이찬형 에코테크 74
이도윤 테렉터 64
하태원 토르게이트 56

이도윤 포세이돈 123
서보성 비토르.타이코마그네틱스 105
하태원 셉템트리부스 99
이규호 새턴시스템 83
김유준 사기타프론티어서비스 71

이찬형 스파이어 124
하태원 아크라이트 89
이도윤 스톰크래프트 66

이승현 아리도르 187
황덕근 크레디코르 115
하태원 에코테크 111
이규호 몬스손해보험 91

이찬형 레이크프론트리조트 136
이승현 새턴시스템 123
이도윤 몬스손해보험 76

이승현 크레디코르 272
하태원 밸리트러스트 150

이승현 테렉터 157
하태원 매뉴테크 141
이찬형 스파이어 137
김유준 새턴시스템 98

이찬형 니르갈엔터프라이즈 128
김유준 테라랩스 102
구시원 팔라딘쉬핑 61

이찬형 사기타프론티어서비스 108
김유준 필레어스 90
하태원 크레디코르 76
구시원 테렉터 56

이승현 타이코마그네틱스 191
하태원 레이크프론트리조트 118
이찬형 스플라이스 118
구시원 시네마틱스 112

이찬형 니르갈엔터프라이즈 132
이승현 매뉴테크 104
김유준 셉템트리부스 78
구시원 아크라이트 73

이승현 시네마틱스 169
서보성 포세이돈 110
한민구 타이코마그네틱스 88
강현모 새턴시스템 86
하태원 셉템트리부스 86

이도윤 사기타프론티어서비스 250
하태원 아리도르 122

이찬형 셀레스틱 91
김유준 사기타프론티어서비스 80
이규호 팔라딘쉬핑 76
이승현 팩토럼 64

이승현 사기타프론티어서비스 159
김유준 타르시스공화국 139
이찬형 셀레스틱 106

이도윤 테랙터.인벤트릭스 143
이승현 비토르 134
이규호 사기타프론티어서비스 106
하태원 에코테크 99

이승현 필레어스 148
김유준 사기타프론티어서비스 146
이찬형 토르게이트 134

이찬형 니르갈엔터프라이즈 118
강현모 필레어스 73
하태원 스플라이스 64
이규호 파머시유니온 59

이찬형 포세이돈 137
이규호 아카디아공동체 103

이찬형 비토르 138
이승현 포세이돈 60

이찬형 밸리트러스트 165
이승현 프리스타 51

이규호 UNMI 115점
이승현 타이코마그네틱스 114점
이찬형 포블로그 112점

이규호 매뉴테크 124점
이찬형 니르갈엔터프라이즈 113점
김유준 에코라인 87점

이찬형 파머시유니온 112점
하태원 프리스타 91점
이규호 쳉싱마스 88점

이승현 비토르 92점
김유준 크레디코르 85점
이찬형 포인트루나 68점
하태원 사기타프론티어서비스 67점

이찬형 타르시스공화국 145점
이규호 인벤트릭스 119점

이승현 매뉴테크.비토르 229점
하태원 포세이돈 100점
강민준 밸리트러스트 73점

하태원 매뉴테크 207점
이규호 쳉싱마스 191점

이규호 아리도르 115점
이찬형 시네마틱스 107점
강현모 아프로디테 56점

이승현 토르게이트 289점
이찬형 인벤트릭스 142점

이승현 셉템 트리부스 108점
김유준 사기타 72점
이규호 테라랩스 71점
이찬형 스플라이스 64점

이찬형 유토피아 75점
이승현 프리스타 69점
이규호 레이크프론트리조트 63점
