하태원 크레디코르 139
윤우찬 포인트루나 132
윤태운 아크라이트 95

이찬형 포인트루나 155
이규호 프리스타 155

황덕근 아프로디테 133
하태원 운미 130
윤우찬 파머시유니온 113

이승현 매뉴테크 127
이찬형 밸리트러스트 99
김유준 포인트루나 97

하태원 팩토럼 145
윤우찬 쳉싱마스 144
서보성 MSI 100

하태원 셀레스틱 140
황덕근 팔라딘쉬핑 136
윤우찬 니르갈 112
서보성 시네마틱스 72

이찬형 유토피아 89
이승현 팩토럼 88
김유준 비토르 85

황덕근 스플라이스 185
하태원 테랙터 163
윤우찬 에코라인 141

윤우찬 운미.필레어스.비토르 85
황덕근 밸리트러스트 68
김병욱 MSI 67
이서연 포인트루나 62

윤태운 크레디코르 121
윤우찬 필레어스 115
황정욱 새턴시스템 111

윤우찬 아카디아공동체 111
강민준 크레디코르 104
황정욱 쳉싱마스 78

강민준 크레디코르 119
윤우찬 사기타 113
윤태운 테렉터 99

강민준 아크라이트 178
윤우찬 리사이클론 122
황정욱 포세이돈 112

강민준 셉템트리부스 131
윤우찬 레이크프론트리조트.새턴시스템 109
이서연 필레어스 62
황정욱 아크라이트 61

이승현 비토르 165
윤우찬 타르시스공화국 99
강민준 셉템트리부스 72
황정욱 테라랩스 71

서보성 포인트루나 226
이규호 사기타 145
윤우찬 필레어스 120

김유준 포세이돈 97
이찬형 새턴시스템 95
하태원 프리스타.매뉴테크 83
이규호 토르게이트 76
윤우찬 셀레스틱 63

강민준 사기타.새턴시스템 235
윤우찬 필레어스 148
황정욱 유토피아 104

황덕근 아카디아공동체 129
윤우찬 헬리온 81
이서연 스톰크래프트 53
황정욱 리사이클론.쳉싱마스.바이론 47

황덕근 스파이어 104
윤우찬 포인트루나 93
이규호 스톰크래프트 75

노현직 필레어스.쳉싱마스 116
윤우찬 테랙터 113
강민준 토르게이트 77

강민준 포인트루나 229
윤우찬 레이크프론트리조트 144

이규호 셀레스틱 136
정형욱 포볼로그 116
황덕근 MSI 104
윤우찬 에코텍 96

윤우찬 포인트루나 174
황덕근 비토르 142

하태원 크레디코르 119
윤우찬 매뉴테크 93
윤태운 포인트루나 86
황정욱 타르시스공화국 75

이승현 밸리트러스트 138
이찬형 테라랩스 101
하태원 포세이돈 92

하태원 비토르 201
윤우찬 타르시스공화국 139
