이도윤 에코테크 196
하태원 레이크프론트리조트.MSI 144

이규호 유토피아 92
이찬형 에코테크 74
이도윤 테랙터 64
하태원 토르게이트 56

이도윤 포세이돈 123
서보성 비토르.튀코마그네틱스 105
하태원 셉템트리부스 99
이규호 새턴시스템 83
김유준 사기타 71

이찬형 스파이어 124
하태원 아크라이트 89
이도윤 스톰크래프트 66

이승현 아리도르 187
황덕근 크레디코르 115
하태원 에코테크 111
이규호 몬스손해보험 91

이찬형 레이크프론트리조트 136
이승현 새턴시스템 123
이도윤 몬스손해보험 76

이승현 크레디코르 272
하태원 밸리트러스트 150

이승현 테랙터 157
하태원 매뉴테크 141
이찬형 스파이어 137
김유준 새턴시스템 98

이찬형 니르갈엔터프라이즈 128
김유준 테라랩스 102
구시원 팔라딘해운 61

이찬형 사기타 108
김유준 필레어스 90
하태원 크레디코르 76
구시원 테랙터 56

이승현 튀코마그네틱스 191
하태원 레이크프론트리조트 118
이찬형 스플라이스 118
구시원 시네마틱스 112

이찬형 니르갈엔터프라이즈 132
이승현 매뉴테크 104
김유준 셉템트리부스 78
구시원 아크라이트 73

이승현 시네마틱스 169
서보성 포세이돈 110
한민구 튀코마그네틱스 88
강현모 새턴시스템 86
하태원 셉템트리부스 86

이도윤 사기타 250
하태원 아리도르 122

이찬형 셀레스틱 91
김유준 사기타 80
이규호 팔라딘해운 76
이승현 팩토럼 64

이승현 사기타 159
김유준 타르시스공화국 139
이찬형 셀레스틱 106

이도윤 테랙터.인벤트릭스 143
이승현 비토르 134
이규호 사기타 106
하태원 에코테크 99

이승현 필레어스 148
김유준 사기타 146
이찬형 토르게이트 134

이찬형 니르갈엔터프라이즈 118
강현모 필레어스 73
하태원 스플라이스 64
이규호 파머시유니온 59

이찬형 포세이돈 137
이규호 아카디아공동체 103

이찬형 비토르 138
이승현 포세이돈 60

이찬형 밸리트러스트 165
이승현 프리스타 51

이규호 UNMI 115
이승현 튀코마그네틱스 114
이찬형 포볼로그 112

이규호 매뉴테크 124
이찬형 니르갈엔터프라이즈 113
김유준 에코라인 87

이찬형 파머시유니온 112
하태원 프리스타 91
이규호 쳉싱마스 88

이승현 비토르 92
김유준 크레디코르 85
이찬형 포인트루나 68
하태원 사기타 67

이찬형 타르시스공화국 145
이규호 인벤트릭스 119

이승현 매뉴테크.비토르 229
하태원 포세이돈 100
강민준 밸리트러스트 73

하태원 매뉴테크 207
이규호 쳉싱마스 191

이규호 아리도르 115
이찬형 시네마틱스 107
강현모 아프로디테 56

이승현 토르게이트 289
이찬형 인벤트릭스 142

이승현 셉템트리부스 108
김유준 사기타 72
이규호 테라랩스 71
이찬형 스플라이스 64

이찬형 유토피아 75
이승현 프리스타 69
이규호 레이크프론트리조트 63

이찬형 스파이어 98
이규호 유토피아 64
하태원 헬리온 54

하태원 인벤트릭스 215
윤우찬 에코라인 177

이규호 스파이어 184
윤우찬 새턴시스템 124

이승현 테랙터 213
이찬형 셉템트리부스 193

이승현 테라랩스 212
이찬형 MSI 164

하태원 셉템트리부스 104
허현 크레디코르 103
이규호 비토르 81
서보성 새턴시스템 77
윤우찬 MSI 65

하태원 새턴시스템 158
윤우찬 크레디코르 127

이찬형 마이닝길드 146
이승현 아크라이트 107

이승현 밸리트러스트 102
민경원 비토르 90
이찬형 헬리온 80

이승현 매뉴테크 243
윤우찬 스파이어 153

이찬형 마이닝길드 99
강현모 토르게이트 97
이규호 크레디코르 90
윤우찬 매뉴테크 76

이승현 에코라인 210
이찬형 몬스손해보험 158
하태원 포세이돈 140

이찬형 포세이돈 117
하태원 포인트루나 117
서보성 매뉴테크 80
김수인 테라랩스 53

이찬형 포인트루나 147
이승현 밸리트러스트 135

이찬형 포인트루나 147
이승현 밸리트러스트 135

이규호 필레어스 122
하태원 포볼로그 116
이찬형 테라랩스 107

이승현 테랙터 157
이찬형 팔라딘해운 131

하태원 니르갈엔터프라이즈 138
윤우찬 사기타 104
최우석 프리스타.토르게이트 65

이찬형 유토피아 77
김유준 프리스타 77
하태원 셉템트리부스 72
이규호 밸리트러스트 71
민경원 토르게이트 54

하태원 인벤트릭스 185
윤우찬 새턴시스템 124

하태원 크레디코르 130
윤우찬 타르시스공화국 87

이규호 인벤트릭스 155
강현모 프리스타 142
윤우찬 타르시스 104

김유준 비토르 167
이찬형 포세이돈 119
이승현 셀레스틱 111

황덕근 셉템트리부스.MSI 156
윤우찬 쳉싱마스 125
하태원 사기타 114

하태원 매뉴테크 185
이찬형 인벤트릭스 132
윤우찬 사기타 91

하태원 사기타 191
윤우찬 비토르 136

하태원 셉템트리부스 200
서보성 프리스타 184
윤우찬 튀코마그네틱스 122

윤우찬 쳉싱마스 98
윤태운 필레어스 67
하태원 밸리트러스트.토르게이트 66

이찬형 몬스손해보험 67
김유준 포세이돈 67
이승현 비토르 52

황덕근 포세이돈 149
하태원 인벤트릭스 116
서보성 밸리트러스트 83

윤우찬 셉템트리부스 146
황덕근 프리스타 140

하태원 매뉴테크 188
윤우찬 레이크프론트리조트 129

윤우찬 팩토럼 137
황덕근 튀코마그네틱스 121
윤태운 매뉴테크 119

서보성 로빈슨인더스트리.매뉴테크 220
윤우찬 타르시스공화국 215

하태원 쳉싱마스 135
윤우찬 바이론 121
최재석 테랙터 99

윤우찬 쳉싱마스 95
이원준 새턴시스템 86
김병욱 필레어스 83
윤태운 몬스손해보험 78

황덕근 테랙터.유토피아 110
윤우찬 쳉싱마스 105
유현우 매뉴테크 99

이규호 포인트루나 147
김유준 새턴시스템 121
이찬형 스파이어 97

이찬형 밸리트러스트 96
이규호 타르시스공화국 94
황덕근 새턴시스템 87
김정호 포볼로그 69

이찬형 바이론 133
김정호 쳉싱마스 99
김유준 시네마틱스 91

이찬형 포세이돈 109
김유준 필레어스 104
김정호 바이론.몬스손해보험 81

하태원 크레디코르.포인트루나 184
윤태운 테라랩스 113
윤우찬 토르게이트 113
